# JRE version: Java(TM) SE Runtime Environment (8.0_05-b13) (build 1.8.0_05-b13)
# Java VM: Java HotSpot(TM) 64-Bit Server VM (25.5-b02 mixed mode windows-amd64 compressed oops)
Heap:
 PSYoungGen      total 89088K, used 32150K [0x00000000d5f80000, 0x00000000dc080000, 0x0000000100000000)
  eden space 80896K, 29% used [0x00000000d5f80000,0x00000000d77153b8,0x00000000dae80000)
  from space 8192K, 97% used [0x00000000db780000,0x00000000dbf505e0,0x00000000dbf80000)
  to   space 9216K, 0% used [0x00000000dae80000,0x00000000dae80000,0x00000000db780000)
 ParOldGen       total 22528K, used 16174K [0x0000000081e00000, 0x0000000083400000, 0x00000000d5f80000)
  object space 22528K, 71% used [0x0000000081e00000,0x0000000082dcb980,0x0000000083400000)
 Metaspace       used 48089K, capacity 50902K, committed 51200K, reserved 1093632K
  class space    used 6613K, capacity 7080K, committed 7168K, reserved 1048576K
GC Heap History (10 events):
Event: 59.256 GC heap before
{Heap before GC invocations=27 (full 2):
 PSYoungGen      total 80384K, used 78446K [0x00000000d5f80000, 0x00000000dba80000, 0x0000000100000000)
  eden space 75264K, 100% used [0x00000000d5f80000,0x00000000da900000,0x00000000da900000)
  from space 5120K, 62% used [0x00000000dae80000,0x00000000db19b918,0x00000000db380000)
  to   space 5632K, 0% used [0x00000000da900000,0x00000000da900000,0x00000000dae80000)
 ParOldGen       total 14848K, used 10992K [0x0000000081e00000, 0x0000000082c80000, 0x00000000d5f80000)
  object space 14848K, 74% used [0x0000000081e00000,0x00000000828bc160,0x0000000082c80000)
 Metaspace       used 33553K, capacity 35364K, committed 35456K, reserved 1079296K
  class space    used 4349K, capacity 4648K, committed 4736K, reserved 1048576K
Event: 59.262 GC heap after
Heap after GC invocations=27 (full 2):
 PSYoungGen      total 80896K, used 5624K [0x00000000d5f80000, 0x00000000dba00000, 0x0000000100000000)
  eden space 75264K, 0% used [0x00000000d5f80000,0x00000000d5f80000,0x00000000da900000)
  from space 5632K, 99% used [0x00000000da900000,0x00000000dae7e110,0x00000000dae80000)
  to   space 6656K, 0% used [0x00000000db380000,0x00000000db380000,0x00000000dba00000)
 ParOldGen       total 14848K, used 11893K [0x0000000081e00000, 0x0000000082c80000, 0x00000000d5f80000)
  object space 14848K, 80% used [0x0000000081e00000,0x000000008299d420,0x0000000082c80000)
 Metaspace       used 33553K, capacity 35364K, committed 35456K, reserved 1079296K
  class space    used 4349K, capacity 4648K, committed 4736K, reserved 1048576K
}
Event: 161.859 GC heap before
{Heap before GC invocations=28 (full 2):
 PSYoungGen      total 80896K, used 80888K [0x00000000d5f80000, 0x00000000dba00000, 0x0000000100000000)
  eden space 75264K, 100% used [0x00000000d5f80000,0x00000000da900000,0x00000000da900000)
  from space 5632K, 99% used [0x00000000da900000,0x00000000dae7e110,0x00000000dae80000)
  to   space 6656K, 0% used [0x00000000db380000,0x00000000db380000,0x00000000dba00000)
 ParOldGen       total 14848K, used 11893K [0x0000000081e00000, 0x0000000082c80000, 0x00000000d5f80000)
  object space 14848K, 80% used [0x0000000081e00000,0x000000008299d420,0x0000000082c80000)
 Metaspace       used 37842K, capacity 39886K, committed 39936K, reserved 1083392K
  class space    used 5031K, capacity 5365K, committed 5376K, reserved 1048576K
Event: 161.867 GC heap after
Heap after GC invocations=28 (full 2):
 PSYoungGen      total 84992K, used 5200K [0x00000000d5f80000, 0x00000000dba00000, 0x0000000100000000)
  eden space 78336K, 0% used [0x00000000d5f80000,0x00000000d5f80000,0x00000000dac00000)
  from space 6656K, 78% used [0x00000000db380000,0x00000000db894328,0x00000000dba00000)
  to   space 7168K, 0% used [0x00000000dac00000,0x00000000dac00000,0x00000000db300000)
 ParOldGen       total 16384K, used 15065K [0x0000000081e00000, 0x0000000082e00000, 0x00000000d5f80000)
  object space 16384K, 91% used [0x0000000081e00000,0x0000000082cb6518,0x0000000082e00000)
 Metaspace       used 37842K, capacity 39886K, committed 39936K, reserved 1083392K
  class space    used 5031K, capacity 5365K, committed 5376K, reserved 1048576K
}
Event: 161.867 GC heap before
{Heap before GC invocations=29 (full 3):
 PSYoungGen      total 84992K, used 5200K [0x00000000d5f80000, 0x00000000dba00000, 0x0000000100000000)
  eden space 78336K, 0% used [0x00000000d5f80000,0x00000000d5f80000,0x00000000dac00000)
  from space 6656K, 78% used [0x00000000db380000,0x00000000db894328,0x00000000dba00000)
  to   space 7168K, 0% used [0x00000000dac00000,0x00000000dac00000,0x00000000db300000)
 ParOldGen       total 16384K, used 15065K [0x0000000081e00000, 0x0000000082e00000, 0x00000000d5f80000)
  object space 16384K, 91% used [0x0000000081e00000,0x0000000082cb6518,0x0000000082e00000)
 Metaspace       used 37842K, capacity 39886K, committed 39936K, reserved 1083392K
  class space    used 5031K, capacity 5365K, committed 5376K, reserved 1048576K
Event: 161.979 GC heap after
Heap after GC invocations=29 (full 3):
 PSYoungGen      total 84992K, used 543K [0x00000000d5f80000, 0x00000000dba00000, 0x0000000100000000)
  eden space 78336K, 0% used [0x00000000d5f80000,0x00000000d5f80000,0x00000000dac00000)
  from space 6656K, 8% used [0x00000000db380000,0x00000000db407f90,0x00000000dba00000)
  to   space 7168K, 0% used [0x00000000dac00000,0x00000000dac00000,0x00000000db300000)
 ParOldGen       total 22528K, used 16174K [0x0000000081e00000, 0x0000000083400000, 0x00000000d5f80000)
  object space 22528K, 71% used [0x0000000081e00000,0x0000000082dcb980,0x0000000083400000)
 Metaspace       used 37842K, capacity 39886K, committed 39936K, reserved 1083392K
  class space    used 5031K, capacity 5365K, committed 5376K, reserved 1048576K
}
Event: 251.448 GC heap before
{Heap before GC invocations=30 (full 3):
 PSYoungGen      total 84992K, used 78879K [0x00000000d5f80000, 0x00000000dba00000, 0x0000000100000000)
  eden space 78336K, 100% used [0x00000000d5f80000,0x00000000dac00000,0x00000000dac00000)
  from space 6656K, 8% used [0x00000000db380000,0x00000000db407f90,0x00000000dba00000)
  to   space 7168K, 0% used [0x00000000dac00000,0x00000000dac00000,0x00000000db300000)
 ParOldGen       total 22528K, used 16174K [0x0000000081e00000, 0x0000000083400000, 0x00000000d5f80000)
  object space 22528K, 71% used [0x0000000081e00000,0x0000000082dcb980,0x0000000083400000)
 Metaspace       used 42461K, capacity 44648K, committed 44800K, reserved 1087488K
  class space    used 5700K, capacity 6095K, committed 6144K, reserved 1048576K
Event: 251.456 GC heap after
Heap after GC invocations=30 (full 3):
 PSYoungGen      total 85504K, used 6095K [0x00000000d5f80000, 0x00000000dbf80000, 0x0000000100000000)
  eden space 78336K, 0% used [0x00000000d5f80000,0x00000000d5f80000,0x00000000dac00000)
  from space 7168K, 85% used [0x00000000dac00000,0x00000000db1f3e48,0x00000000db300000)
  to   space 8192K, 0% used [0x00000000db780000,0x00000000db780000,0x00000000dbf80000)
 ParOldGen       total 22528K, used 16174K [0x0000000081e00000, 0x0000000083400000, 0x00000000d5f80000)
  object space 22528K, 71% used [0x0000000081e00000,0x0000000082dcb980,0x0000000083400000)
 Metaspace       used 42461K, capacity 44648K, committed 44800K, reserved 1087488K
  class space    used 5700K, capacity 6095K, committed 6144K, reserved 1048576K
}
Event: 291.369 GC heap before
{Heap before GC invocations=31 (full 3):
 PSYoungGen      total 85504K, used 84431K [0x00000000d5f80000, 0x00000000dbf80000, 0x0000000100000000)
  eden space 78336K, 100% used [0x00000000d5f80000,0x00000000dac00000,0x00000000dac00000)
  from space 7168K, 85% used [0x00000000dac00000,0x00000000db1f3e48,0x00000000db300000)
  to   space 8192K, 0% used [0x00000000db780000,0x00000000db780000,0x00000000dbf80000)
 ParOldGen       total 22528K, used 16174K [0x0000000081e00000, 0x0000000083400000, 0x00000000d5f80000)
  object space 22528K, 71% used [0x0000000081e00000,0x0000000082dcb980,0x0000000083400000)
 Metaspace       used 47084K, capacity 49668K, committed 49920K, reserved 1091584K
  class space    used 6456K, capacity 6897K, committed 6912K, reserved 1048576K
Event: 291.377 GC heap after
Heap after GC invocations=31 (full 3):
 PSYoungGen      total 89088K, used 8001K [0x00000000d5f80000, 0x00000000dc080000, 0x0000000100000000)
  eden space 80896K, 0% used [0x00000000d5f80000,0x00000000d5f80000,0x00000000dae80000)
  from space 8192K, 97% used [0x00000000db780000,0x00000000dbf505e0,0x00000000dbf80000)
  to   space 9216K, 0% used [0x00000000dae80000,0x00000000dae80000,0x00000000db780000)
 ParOldGen       total 22528K, used 16174K [0x0000000081e00000, 0x0000000083400000, 0x00000000d5f80000)
  object space 22528K, 71% used [0x0000000081e00000,0x0000000082dcb980,0x0000000083400000)
 Metaspace       used 47084K, capacity 49668K, committed 49920K, reserved 1091584K
  class space    used 6456K, capacity 6897K, committed 6912K, reserved 1048576K
}

